#
# There is insufficient memory for the Java Runtime Environment to continue.
# Native memory allocation (mmap) failed to map 266338304 bytes for Failed to commit area from 0x0000000703200000 to 0x0000000713000000 of length 266338304.
# Possible reasons:
#   The system is out of physical RAM or swap space
#   The process is running with CompressedOops enabled, and the Java Heap may be blocking the growth of the native heap
# Possible solutions:
#   Reduce memory load on the system
#   Increase physical memory or swap space
#   Check if swap backing store is full
#   Decrease Java heap size (-Xmx/-Xms)
#   Decrease number of Java threads
#   Decrease Java thread stack sizes (-Xss)
#   Set larger code cache with -XX:ReservedCodeCacheSize=
# This output file may be truncated or incomplete.
#
#  Out of Memory Error (./src/hotspot/os/windows/os_windows.cpp:3301), pid=13384, tid=16632
#
# JRE version:  (11.0.11+9) (build )
# Java VM: OpenJDK 64-Bit Server VM (11.0.11+9-b60-7590822, mixed mode, sharing, tiered, compressed oops, g1 gc, windows-amd64)
# No core dump will be written. Minidumps are not enabled by default on client versions of Windows
#

---------------  S U M M A R Y ------------

Command Line: org.jetbrains.git4idea.http.GitAskPassApp Username for 'https://github.com': 

Host: Intel(R) Core(TM) i7-6700HQ CPU @ 2.60GHz, 8 cores, 15G,  Windows 10 , 64 bit Build 19041 (10.0.19041.1566)
Time: Tue Apr  5 20:48:08 2022 Hora de verano romance elapsed time: 0.016930 seconds (0d 0h 0m 0s)

---------------  T H R E A D  ---------------

Current thread (0x000001bb0727b000):  JavaThread "Unknown thread" [_thread_in_vm, id=16632, stack(0x0000002e9c500000,0x0000002e9c600000)]

Stack: [0x0000002e9c500000,0x0000002e9c600000]
Native frames: (J=compiled Java code, j=interpreted, Vv=VM code, C=native code)
V  [jvm.dll+0x5f214a]
V  [jvm.dll+0x726fb5]
V  [jvm.dll+0x7285cd]
V  [jvm.dll+0x728c83]
V  [jvm.dll+0x243278]
V  [jvm.dll+0x5ef544]
V  [jvm.dll+0x5e4495]
V  [jvm.dll+0x2fec5b]
V  [jvm.dll+0x2febca]
V  [jvm.dll+0x2feaa2]
V  [jvm.dll+0x303986]
V  [jvm.dll+0x34c3a3]
V  [jvm.dll+0x34caa6]
V  [jvm.dll+0x34c4a3]
V  [jvm.dll+0x2d9688]
V  [jvm.dll+0x2da837]
V  [jvm.dll+0x705ba7]
V  [jvm.dll+0x70739c]
V  [jvm.dll+0x3598f9]
V  [jvm.dll+0x6e931e]
V  [jvm.dll+0x3c1c43]
V  [jvm.dll+0x3c3e81]
C  [jli.dll+0x5373]
C  [ucrtbase.dll+0x21bb2]
C  [KERNEL32.DLL+0x17034]
C  [ntdll.dll+0x52651]


---------------  P R O C E S S  ---------------

Threads class SMR info:
_java_thread_list=0x000001bb059e1050, length=0, elements={
}

Java Threads: ( => current thread )

Other Threads:
  0x000001bb07291800 GCTaskThread "GC Thread#0" [stack: 0x0000002e9c600000,0x0000002e9c700000] [id=14196]
  0x000001bb072f0000 ConcurrentGCThread "G1 Main Marker" [stack: 0x0000002e9c700000,0x0000002e9c800000] [id=10472]
  0x000001bb072f2800 ConcurrentGCThread "G1 Conc#0" [stack: 0x0000002e9c800000,0x0000002e9c900000] [id=14892]

[error occurred during error reporting (printing all threads), id 0xc0000005, EXCEPTION_ACCESS_VIOLATION (0xc0000005) at pc=0x00007ff929149c47]

VM state:not at safepoint (not fully initialized)

VM Mutex/Monitor currently owned by a thread:  ([mutex/lock_event])
[0x000001bb07277b20] Heap_lock - owner thread: 0x000001bb0727b000

Heap address: 0x0000000703200000, size: 4046 MB, Compressed Oops mode: Non-zero based: 0x0000000703200000
Narrow klass base: 0x0000000000000000, Narrow klass shift: 0

GC Heap History (0 events):
No events

Deoptimization events (0 events):
No events

Classes redefined (0 events):
No events

Internal exceptions (0 events):
No events

Events (1 events):
Event: 0.011 Loaded shared library D:\Program Files\Android\Android Studio\jre\bin\zip.dll


Dynamic libraries:
0x00007ff6c9070000 - 0x00007ff6c907a000 	D:\Program Files\Android\Android Studio\jre\bin\java.exe
0x00007ff9a1af0000 - 0x00007ff9a1ce5000 	C:\WINDOWS\SYSTEM32\ntdll.dll
0x00007ff9a11e0000 - 0x00007ff9a129e000 	C:\WINDOWS\System32\KERNEL32.DLL
0x00007ff99f210000 - 0x00007ff99f4d8000 	C:\WINDOWS\System32\KERNELBASE.dll
0x00007ff99f780000 - 0x00007ff99f880000 	C:\WINDOWS\System32\ucrtbase.dll
0x00007ff97a060000 - 0x00007ff97a079000 	D:\Program Files\Android\Android Studio\jre\bin\jli.dll
0x00007ff97a1f0000 - 0x00007ff97a207000 	D:\Program Files\Android\Android Studio\jre\bin\VCRUNTIME140.dll
0x00007ff99fb50000 - 0x00007ff99fcf0000 	C:\WINDOWS\System32\USER32.dll
0x00007ff99f640000 - 0x00007ff99f662000 	C:\WINDOWS\System32\win32u.dll
0x00007ff988a50000 - 0x00007ff988cea000 	C:\WINDOWS\WinSxS\amd64_microsoft.windows.common-controls_6595b64144ccf1df_6.0.19041.1110_none_60b5254171f9507e\COMCTL32.dll
0x00007ff9a0560000 - 0x00007ff9a058b000 	C:\WINDOWS\System32\GDI32.dll
0x00007ff9a1a10000 - 0x00007ff9a1aae000 	C:\WINDOWS\System32\msvcrt.dll
0x00007ff99f670000 - 0x00007ff99f77b000 	C:\WINDOWS\System32\gdi32full.dll
0x00007ff99f880000 - 0x00007ff99f91d000 	C:\WINDOWS\System32\msvcp_win.dll
0x00007ff99fcf0000 - 0x00007ff99fd20000 	C:\WINDOWS\System32\IMM32.DLL
0x00007ff9429e0000 - 0x00007ff942a7d000 	D:\Program Files\Android\Android Studio\jre\bin\msvcp140.dll
0x00007ff928e60000 - 0x00007ff929935000 	D:\Program Files\Android\Android Studio\jre\bin\server\jvm.dll
0x00007ff9a0f30000 - 0x00007ff9a0fde000 	C:\WINDOWS\System32\ADVAPI32.dll
0x00007ff9a05c0000 - 0x00007ff9a065c000 	C:\WINDOWS\System32\sechost.dll
0x00007ff9a0fe0000 - 0x00007ff9a1105000 	C:\WINDOWS\System32\RPCRT4.dll
0x00007ff99fd20000 - 0x00007ff99fd28000 	C:\WINDOWS\System32\PSAPI.DLL
0x00007ff999130000 - 0x00007ff999139000 	C:\WINDOWS\SYSTEM32\WSOCK32.dll
0x00007ff988ea0000 - 0x00007ff988ec7000 	C:\WINDOWS\SYSTEM32\WINMM.dll
0x00007ff9a1490000 - 0x00007ff9a14fb000 	C:\WINDOWS\System32\WS2_32.dll
0x00007ff996ff0000 - 0x00007ff996ffa000 	C:\WINDOWS\SYSTEM32\VERSION.dll
0x00007ff99d120000 - 0x00007ff99d132000 	C:\WINDOWS\SYSTEM32\kernel.appcore.dll
0x00007ff99be50000 - 0x00007ff99be61000 	D:\Program Files\Android\Android Studio\jre\bin\verify.dll
0x00007ff98aad0000 - 0x00007ff98acb4000 	C:\WINDOWS\SYSTEM32\DBGHELP.DLL
0x00007ff984700000 - 0x00007ff98472c000 	C:\WINDOWS\SYSTEM32\dbgcore.DLL
0x00007ff99fa90000 - 0x00007ff99fb12000 	C:\WINDOWS\System32\bcryptPrimitives.dll
0x00007ff98b5f0000 - 0x00007ff98b619000 	D:\Program Files\Android\Android Studio\jre\bin\java.dll
0x00007ff99bf30000 - 0x00007ff99bf3b000 	D:\Program Files\Android\Android Studio\jre\bin\jimage.dll
0x00007ff98ca80000 - 0x00007ff98ca98000 	D:\Program Files\Android\Android Studio\jre\bin\zip.dll

dbghelp: loaded successfully - version: 4.0.5 - missing functions: none
symbol engine: initialized successfully - sym options: 0x614 - pdb path: .;D:\Program Files\Android\Android Studio\jre\bin;C:\WINDOWS\SYSTEM32;C:\WINDOWS\WinSxS\amd64_microsoft.windows.common-controls_6595b64144ccf1df_6.0.19041.1110_none_60b5254171f9507e;D:\Program Files\Android\Android Studio\jre\bin\server

VM Arguments:
java_command: org.jetbrains.git4idea.http.GitAskPassApp Username for 'https://github.com': 
java_class_path (initial): D:/Program Files/Android/Android Studio/plugins/git4idea/lib/git4idea-rt.jar;D:/Program Files/Android/Android Studio/lib/xmlrpc-2.0.1.jar;D:/Program Files/Android/Android Studio/lib/commons-codec-1.15.jar
Launcher Type: SUN_STANDARD

[Global flags]
     intx CICompilerCount                          = 4                                         {product} {ergonomic}
     uint ConcGCThreads                            = 2                                         {product} {ergonomic}
     uint G1ConcRefinementThreads                  = 8                                         {product} {ergonomic}
   size_t G1HeapRegionSize                         = 1048576                                   {product} {ergonomic}
    uintx GCDrainStackTargetSize                   = 64                                        {product} {ergonomic}
   size_t InitialHeapSize                          = 266338304                                 {product} {ergonomic}
   size_t MarkStackSize                            = 4194304                                   {product} {ergonomic}
   size_t MaxHeapSize                              = 4242538496                                {product} {ergonomic}
   size_t MinHeapDeltaBytes                        = 1048576                                   {product} {ergonomic}
    uintx NonNMethodCodeHeapSize                   = 5836300                                {pd product} {ergonomic}
    uintx NonProfiledCodeHeapSize                  = 122910970                              {pd product} {ergonomic}
    uintx ProfiledCodeHeapSize                     = 122910970                              {pd product} {ergonomic}
    uintx ReservedCodeCacheSize                    = 251658240                              {pd product} {ergonomic}
     bool SegmentedCodeCache                       = true                                      {product} {ergonomic}
     bool UseCompressedClassPointers               = true                                 {lp64_product} {ergonomic}
     bool UseCompressedOops                        = true                                 {lp64_product} {ergonomic}
     bool UseG1GC                                  = true                                      {product} {ergonomic}
     bool UseLargePagesIndividualAllocation        = false                                  {pd product} {ergonomic}

Logging:
Log output configuration:
 #0: stdout all=warning uptime,level,tags
 #1: stderr all=off uptime,level,tags

Environment Variables:
PATH=C:/Program Files/Git/mingw64/libexec/git-core;C:/Program Files/Git/mingw64/libexec/git-core;C:\Program Files\Git\mingw64\bin;C:\Program Files\Git\usr\bin;C:\Users\anton\bin;C:\gurobi950\bin;C:\Program Files\nodejs\;C:\gurobi950\win64\bin;C:\Users\anton\AppData\Local\Programs\Microsoft VS Code\bin;C:\Users\anton\AppData\Roaming\npm
USERNAME=anton
LD_LIBRARY_PATH=C:\gurobi950\win64\lib
DISPLAY=:0.0
LC_ALL=en_US.UTF-8
OS=Windows_NT
PROCESSOR_IDENTIFIER=Intel64 Family 6 Model 94 Stepping 3, GenuineIntel



---------------  S Y S T E M  ---------------

OS: Windows 10 , 64 bit Build 19041 (10.0.19041.1566)
OS uptime: 0 days 7:36 hours

CPU:total 8 (initial active 8) (4 cores per cpu, 2 threads per core) family 6 model 94 stepping 3 microcode 0xcc, cmov, cx8, fxsr, mmx, sse, sse2, sse3, ssse3, sse4.1, sse4.2, popcnt, avx, avx2, aes, clmul, erms, rtm, 3dnowpref, lzcnt, ht, tsc, tscinvbit, bmi1, bmi2, adx, fma

Memory: 4k page, system-wide physical 16178M (2602M free)
TotalPageFile size 16178M (AvailPageFile size 140M)
current process WorkingSet (physical memory assigned to process): 10M, peak: 10M
current process commit charge ("private bytes"): 60M, peak: 314M

vm_info: OpenJDK 64-Bit Server VM (11.0.11+9-b60-7590822) for windows-amd64 JRE (11.0.11+9-b60-7590822), built on Jul 29 2021 21:43:44 by "builder" with MS VC++ 14.0 (VS2015)

END.
